nkor_0201_06_0506_203

아침에 하얀 털을 갖고 싶어서 하얀 털실로 스웨터를 떠 달라는 까만 아기 양에게 양치기 할아버지는 까만 아기 양도 자신에게는 매우 소중하다고 말하였어. 그러던 어느 날, 검은 구름이 몰려오는 것을 보고 까만 아기 양이 친구들에게 소리치자 폴로가 앞을 막았어. 잠시 뒤에 눈보라가 거세게 몰아쳤어. 저녁이 되자, 양치기 할아버지는 폭풍우 속에 남겨 둔 양들이 도망갈까 봐 걱정이 되었어. 밤에 까만 아기 양은 불안해하는 양 떼를 안전한 동굴로 들어가게 하였어.

이튿날 아침, 눈이 그치자 양치기 할아버지는 서둘러 양을 찾으러 갔지만 눈 덮인 들판에는 아무것도 보이지 않았어. 점심때쯤 양치기 할아버지가 언덕 위에 있는 까만 점을 발견하여 서둘러 뛰어가 보니 까만 아기 양이었고, 동굴 속에 있는 하얀 양들도 찾을 수 있었어.

가을이 되어 양치기 할아버지는 양털을 깎았고, 까만 털실로 무늬를 넣어 양말, 목도리, 담요, 스웨터 등을 짜서 팔았어. 겨울에 양치기 할아버지는 생김새나 색깔이 다른 아주 특별한 양 떼를 갖게 되었어. 양치기 개 폴로와 까만 아기 양도 사이좋게 지내게 되었어.

친구들을 바라보며 바른 자세로 자신 있게 말해 봐요.
이야기의 내용에 어울리게 몸짓을 하거나 목소리를 다르게 해 봐요.


nkor_0201_06_0506_204

친구들에게 이야기를 들려줄 때 자신이 어떻게 말했는지 스스로 확인해 봅시다.
이야기를 들려줄 때 어떻게 말했는지 확인해 보세요.
일이 일어난 차례대로 말했다.
시간을 나타내는 말을 알맞게 사용했다.
바른 자세로 자신 있게 말했다.


nkor_0201_06_0708_101
그림을 보고 가족이나 친구들과 있었던 일을 생각해 봅시다.
그림을 보고 지난주에 가족이나 친구들과 있었던 일을 떠올려 보세요.


nkor_0201_06_0708_202
<span class="emp">1</span>에서 떠올린 것 가운데에서 하나를 골라 물음에 답해 봅시다.

언제: 20◯◯년 5월 15일
어디에서: 학교 운동장
누구와 함께: 우리 학교 학생들과 함께 체육 대회를 했다.

아침에는 체육 대회를 했습니다.
점심에는 가족과 맛있는 김밥을 먹었습니다.
저녁에는 집에서 쉬었습니다.


nkor_0201_06_0708_204
오늘 오전에 학교에서 체육 대회를 했다. 오전 9시에는 전부 모여서 준비 체조를 했다. 오전 9시 30분에 반별로 50미터 달리기를 했는데 나는 3등을 했다. 더 잘 뛸 수 있었는데 아쉬웠다. 그리고 오전 10시에는 청색, 홍색 색 카드 뒤집기 경기를 했다. 첫 번째 경기에서는 짝수 반이 이기고, 두 번째 경기에서는 홀수 반이 이겼다. 마지막으로 오전 10시 30분에 각 반 달리기 대표들이 나와 이어달리기를 했다. 우리 반이 1등을 해서 너무 기뻤다.


nkor_0201_06_0708_301
겪은 일을 차례대로 글로 쓰는 방법
언제 어디에서 누구와 있었던 일인지, 아침, 점심, 저녁에는 각각 어떤 일이 있었는지, 그때 어떤 생각이나 느낌이 들었는지 생각해 봅니다.
시간을 나타내는 말을 사용해 겪은 일을 차례대로 정리해 봅니다.
정리한 내용을 바탕으로 하여 겪은 일을 차례대로 써 봅니다.
겪은 일을 차례대로 바르게 썼는지 확인해 보고, 쓴 내용을 친구들에게 발표해 봅니다.


nkor_0201_06_0910_202
아침에 짐을 싸서 가방에 넣고 부모님과 함께 기차를 탈 것입니다
점심때에 기차를 타고 가며 나는 부모님이랑 창 밖을 보면서 맛있는 점심을 먹을 것입니
오후에 할머니, 할아버지 댁에 도착하면 모두 모여서 재미있는 놀이를 할 것입니다.
밤이 되면 부모님과 할머니 할아버지와 함께 별을 보러 나갔다가 방에 들어와서 잘 것입니다.


nkor_0201_06_0910_202




  
