“해라.”
‘나’
자음 &middot; 모음 까만 아기 양 - 앞부분까만 아기 양_앞부분
물건은…….
<span class="quot-open">「</span>콩쥐팥쥐<span class="quot-close">」</span>
==================================
#약물

<span class="ex-rect-icon"></span>
<span class="bullet-box rect-num bg-w num-03 color-01"></span>
<span class="rect-num num-01 color-01"></span>
<div class="rect-kor kor-01 bg-w color-01"></div>
<span class="dir-rect color-01">3</span>
<span class="dir-o"></span>
<span class="quot-open">「</span>ㅃㅃ<span class="quot-close">」</span>

==================================
#지시문

<div class="info-box one-line"><span class="emp">인물</span>을 클릭하세요.</div>

==================================
#컨텐츠이너 #히든박스

<div class="bg-color-box bg-color-05">
    <div class="hidden-box no-bg">
        <div class="text ti">
            예보기
        </div>
    </div>
</div>

==================================
#탭 박스 #이미지박스

<div class="tab-box bottom-tab">
    <div class="tab-content-box">
        <div class="tab-content content-01">
        </div>
        <div class="tab-content content-02">
        </div>
    </div>
    <div class="button-box">
        <div class="prev-button"></div>
        <div class="button"></div>
        <div class="button"></div>
        <div class="next-button"></div>
    </div>
</div>


==================================
#서브탭(top-line-box type-qna)

<div class="top-line-box">
    <div class="sub-tab-box" data-sub-tabs="1,2,3,4">
        <div class="sub-content sub-page-01"></div>
    </div>
</div>


==================================
#톡톡 도움말

<div class="button-helper">
    <span>톡톡 도움말</span>
</div>
<div class="popup-mini helper" data-button=".button-helper" style="width: 570px;">
    <div class="box-top">
        <div class="popup-title-box">
            <span class="popup-title">톡톡 도움말</span>
            <span class="popup-sub-title"></span>
        </div>
        <div class="button-close"></div>
    </div>
    <div class="box-content">
        <div class="ti">
            블릿없는경우
        </div>
        <div class="bullet-box empty-circle">
            블릿있는경우
        </div>
    </div>
</div>


==================================
#어휘 쏙쏙

<span class="click-induced word button-mini-01">문고</span>
<div class="popup-mini word mini-01" data-button=".button-mini-01" style="top: 85px;left: 170px;width: auto;">
    <div class="box-top">
        <div class="popup-title">어휘 쏙쏙</div>
        <div class="button-close"></div>
    </div>
    <div class="box-content">
        <div class="word">문고</div>
        <div class="explain-word">
            <div class="text">
                책을 보관하는 집이나 방.
            </div>
        </div>
    </div>
</div>


==================================
#손가락

<span class="click-induced button-mini-02">운율</span>
<div class="popup-mini mini-02" data-button=".button-mini-02" style="top: 85px;left: 210PX;">
    <div class="box-top">
        <div class="popup-title">일반 팝업</div>
        <div class="button-close"></div>
    </div>
    <div class="box-content">
        <!-- bullet-box empty-circle -->
        <div class="ti">
            <span class="emp">운율</span>은 시가...
        </div>
    </div>
</div>


==================================
#말풍선

<div class="speech-box color-01 tail-01" style="top: 10px;left: 60px;width: 370px;">
    <div class="bg"></div>
    <div class="arrow br"></div>
    <div class="speech-box-inner ti">
        우리 모둠 이름은…….
    </div>
</div>


==================================
#ex-box & text-box & bullet-box

<div class="ex-box align-cc">
    <div class="icon"></div>
        <div>
            <div class="item-box">
                <div class="text">대상</div>
                <div class="text">궁금해할 내용</div>
                <div class="text">까닭</div>
            </div>
        </div>
    </div>
    <div class="text-box bg-color-02">
        <div class="bullet-box empty-circle">
        </div>
    </div>
</div>


==================================
#svg

<svg width="400" height="300" viewBox="0 0 400 300" style="position: absolute;top: 50px;left: 480px;">
	<path d="M 350 50 C 50 0 50 300 350 250"
		stroke="#f68e64"
		fill="#fff"
		stroke-width="4"
		stroke-linecap="round"
		fill-opacity="0.2" />
</svg>


==================================
#복합 탭, 사진배치, 화살표
KA_51_03/nkor_0501_02_0789/nkor_0501_02_0789_204.html





